2021-11-16 12:35:14.524 [main] INFO  ParkingService - Please select vehicle type from menu
2021-11-16 12:35:14.528 [main] INFO  ParkingService - 1 CAR
2021-11-16 12:35:14.528 [main] INFO  ParkingService - 2 BIKE
2021-11-16 12:35:14.529 [main] INFO  ParkingService - Please type the vehicle registration number and press enter key
2021-11-16 12:35:14.529 [main] INFO  ParkingService - ============================================================================================
2021-11-16 12:35:14.529 [main] INFO  ParkingService - Generated Ticket and saved in DataBase
2021-11-16 12:35:14.530 [main] INFO  ParkingService - Please park your vehicle in spot number: 3
2021-11-16 12:35:14.530 [main] INFO  ParkingService - Recorded in-time for vehicle number: ABCDEF / In-time The: 2021-11-16 at 12:35:14.529
2021-11-16 12:35:14.530 [main] INFO  ParkingService - --------------------------------------------------------------------------------------------
2021-11-16 12:35:14.543 [main] INFO  ParkingService - Please select vehicle type from menu
2021-11-16 12:35:14.543 [main] INFO  ParkingService - 1 CAR
2021-11-16 12:35:14.544 [main] INFO  ParkingService - 2 BIKE
2021-11-16 12:35:14.544 [main] INFO  ParkingService - Please type the vehicle registration number and press enter key
2021-11-16 12:35:14.545 [main] INFO  ParkingService - --------------------------------------------------------------------------------------------
2021-11-16 12:35:14.545 [main] INFO  ParkingService - Error, Incoming Vehicule. Please set an other Registration Number.
2021-11-16 12:35:14.545 [main] INFO  ParkingService - This vehicule seems already park in. Thanks
2021-11-16 12:35:14.548 [main] INFO  ParkingService - Please type the vehicle registration number and press enter key
2021-11-16 12:35:15.154 [main] INFO  DataBaseConfig - Create DB connection
2021-11-16 12:35:15.540 [main] INFO  DataBaseConfig - Closing Result Set
2021-11-16 12:35:15.540 [main] INFO  DataBaseConfig - Closing Prepared Statement
2021-11-16 12:35:15.542 [main] INFO  DataBaseConfig - Closing DB connection
2021-11-16 12:35:15.542 [main] INFO  ParkingService - ============================================================================================
2021-11-16 12:35:15.542 [main] INFO  ParkingService - Welcome back! As usual user, you get benefit of 5% discount!
2021-11-16 12:35:15.542 [main] INFO  ParkingService - --------------------------------------------------------------------------------------------
2021-11-16 12:35:15.543 [main] INFO  ParkingService - Please pay the parking fare: 1.5€ for: 60 minutes of park.
2021-11-16 12:35:15.543 [main] INFO  ParkingService - Recorded out-time for vehicle number: ABCDEF / Out-time The: 2021-11-16 at 12:35:15.153
2021-11-16 12:35:15.543 [main] INFO  ParkingService - ============================================================================================
2021-11-16 12:35:15.546 [main] INFO  ParkingService - Please select vehicle type from menu
2021-11-16 12:35:15.547 [main] INFO  ParkingService - 1 CAR
2021-11-16 12:35:15.547 [main] INFO  ParkingService - 2 BIKE
2021-11-16 12:35:15.547 [main] ERROR ParkingService - Error fetching next available parking slot
java.lang.Exception: Error fetching parking number from DB. Parking slots might be full
	at com.parkit.parkingsystem.service.ParkingService.getNextParkingNumberIfAvailable(ParkingService.java:86) ~[classes/:?]
	at com.parkit.parkingsystem.service.ParkingService.processIncomingVehicle(ParkingService.java:38) ~[classes/:?]
	at com.parkit.parkingsystem.ParkingServiceTest.testErrorIfParkingIsFull(ParkingServiceTest.java:102) ~[test-classes/:?]
	at sun.reflect.NativeMethodAccessorImpl.invoke0(Native Method) ~[?:1.8.0_292]
	at sun.reflect.NativeMethodAccessorImpl.invoke(NativeMethodAccessorImpl.java:62) ~[?:1.8.0_292]
	at sun.reflect.DelegatingMethodAccessorImpl.invoke(DelegatingMethodAccessorImpl.java:43) ~[?:1.8.0_292]
	at java.lang.reflect.Method.invoke(Method.java:498) ~[?:1.8.0_292]
	at org.junit.platform.commons.util.ReflectionUtils.invokeMethod(ReflectionUtils.java:688) ~[junit-platform-commons-1.7.2.jar:1.7.2]
	at org.junit.jupiter.engine.execution.MethodInvocation.proceed(MethodInvocation.java:60) ~[junit-jupiter-engine-5.7.2.jar:5.7.2]
	at org.junit.jupiter.engine.execution.InvocationInterceptorChain$ValidatingInvocation.proceed(InvocationInterceptorChain.java:131) ~[junit-jupiter-engine-5.7.2.jar:5.7.2]
	at org.junit.jupiter.engine.extension.TimeoutExtension.intercept(TimeoutExtension.java:149) ~[junit-jupiter-engine-5.7.2.jar:5.7.2]
	at org.junit.jupiter.engine.extension.TimeoutExtension.interceptTestableMethod(TimeoutExtension.java:140) ~[junit-jupiter-engine-5.7.2.jar:5.7.2]
	at org.junit.jupiter.engine.extension.TimeoutExtension.interceptTestMethod(TimeoutExtension.java:84) ~[junit-jupiter-engine-5.7.2.jar:5.7.2]
	at org.junit.jupiter.engine.execution.ExecutableInvoker$ReflectiveInterceptorCall.lambda$ofVoidMethod$0(ExecutableInvoker.java:115) ~[junit-jupiter-engine-5.7.2.jar:5.7.2]
	at org.junit.jupiter.engine.execution.ExecutableInvoker.lambda$invoke$0(ExecutableInvoker.java:105) ~[junit-jupiter-engine-5.7.2.jar:5.7.2]
	at org.junit.jupiter.engine.execution.InvocationInterceptorChain$InterceptedInvocation.proceed(InvocationInterceptorChain.java:106) ~[junit-jupiter-engine-5.7.2.jar:5.7.2]
	at org.junit.jupiter.engine.execution.InvocationInterceptorChain.proceed(InvocationInterceptorChain.java:64) ~[junit-jupiter-engine-5.7.2.jar:5.7.2]
	at org.junit.jupiter.engine.execution.InvocationInterceptorChain.chainAndInvoke(InvocationInterceptorChain.java:45) ~[junit-jupiter-engine-5.7.2.jar:5.7.2]
	at org.junit.jupiter.engine.execution.InvocationInterceptorChain.invoke(InvocationInterceptorChain.java:37) ~[junit-jupiter-engine-5.7.2.jar:5.7.2]
	at org.junit.jupiter.engine.execution.ExecutableInvoker.invoke(ExecutableInvoker.java:104) ~[junit-jupiter-engine-5.7.2.jar:5.7.2]
	at org.junit.jupiter.engine.execution.ExecutableInvoker.invoke(ExecutableInvoker.java:98) ~[junit-jupiter-engine-5.7.2.jar:5.7.2]
	at org.junit.jupiter.engine.descriptor.TestMethodTestDescriptor.lambda$invokeTestMethod$6(TestMethodTestDescriptor.java:210) ~[junit-jupiter-engine-5.7.2.jar:5.7.2]
	at org.junit.platform.engine.support.hierarchical.ThrowableCollector.execute(ThrowableCollector.java:73) ~[junit-platform-engine-1.7.2.jar:1.7.2]
	at org.junit.jupiter.engine.descriptor.TestMethodTestDescriptor.invokeTestMethod(TestMethodTestDescriptor.java:206) ~[junit-jupiter-engine-5.7.2.jar:5.7.2]
	at org.junit.jupiter.engine.descriptor.TestMethodTestDescriptor.execute(TestMethodTestDescriptor.java:131) ~[junit-jupiter-engine-5.7.2.jar:5.7.2]
	at org.junit.jupiter.engine.descriptor.TestMethodTestDescriptor.execute(TestMethodTestDescriptor.java:65) ~[junit-jupiter-engine-5.7.2.jar:5.7.2]
	at org.junit.platform.engine.support.hierarchical.NodeTestTask.lambda$executeRecursively$5(NodeTestTask.java:139) ~[junit-platform-engine-1.7.2.jar:1.7.2]
	at org.junit.platform.engine.support.hierarchical.ThrowableCollector.execute(ThrowableCollector.java:73) ~[junit-platform-engine-1.7.2.jar:1.7.2]
	at org.junit.platform.engine.support.hierarchical.NodeTestTask.lambda$executeRecursively$7(NodeTestTask.java:129) ~[junit-platform-engine-1.7.2.jar:1.7.2]
	at org.junit.platform.engine.support.hierarchical.Node.around(Node.java:137) ~[junit-platform-engine-1.7.2.jar:1.7.2]
	at org.junit.platform.engine.support.hierarchical.NodeTestTask.lambda$executeRecursively$8(NodeTestTask.java:127) ~[junit-platform-engine-1.7.2.jar:1.7.2]
	at org.junit.platform.engine.support.hierarchical.ThrowableCollector.execute(ThrowableCollector.java:73) ~[junit-platform-engine-1.7.2.jar:1.7.2]
	at org.junit.platform.engine.support.hierarchical.NodeTestTask.executeRecursively(NodeTestTask.java:126) ~[junit-platform-engine-1.7.2.jar:1.7.2]
	at org.junit.platform.engine.support.hierarchical.NodeTestTask.execute(NodeTestTask.java:84) ~[junit-platform-engine-1.7.2.jar:1.7.2]
	at java.util.ArrayList.forEach(ArrayList.java:1259) ~[?:1.8.0_292]
	at org.junit.platform.engine.support.hierarchical.SameThreadHierarchicalTestExecutorService.invokeAll(SameThreadHierarchicalTestExecutorService.java:38) ~[junit-platform-engine-1.7.2.jar:1.7.2]
	at org.junit.platform.engine.support.hierarchical.NodeTestTask.lambda$executeRecursively$5(NodeTestTask.java:143) ~[junit-platform-engine-1.7.2.jar:1.7.2]
	at org.junit.platform.engine.support.hierarchical.ThrowableCollector.execute(ThrowableCollector.java:73) ~[junit-platform-engine-1.7.2.jar:1.7.2]
	at org.junit.platform.engine.support.hierarchical.NodeTestTask.lambda$executeRecursively$7(NodeTestTask.java:129) ~[junit-platform-engine-1.7.2.jar:1.7.2]
	at org.junit.platform.engine.support.hierarchical.Node.around(Node.java:137) ~[junit-platform-engine-1.7.2.jar:1.7.2]
	at org.junit.platform.engine.support.hierarchical.NodeTestTask.lambda$executeRecursively$8(NodeTestTask.java:127) ~[junit-platform-engine-1.7.2.jar:1.7.2]
	at org.junit.platform.engine.support.hierarchical.ThrowableCollector.execute(ThrowableCollector.java:73) ~[junit-platform-engine-1.7.2.jar:1.7.2]
	at org.junit.platform.engine.support.hierarchical.NodeTestTask.executeRecursively(NodeTestTask.java:126) ~[junit-platform-engine-1.7.2.jar:1.7.2]
	at org.junit.platform.engine.support.hierarchical.NodeTestTask.execute(NodeTestTask.java:84) ~[junit-platform-engine-1.7.2.jar:1.7.2]
	at java.util.ArrayList.forEach(ArrayList.java:1259) ~[?:1.8.0_292]
	at org.junit.platform.engine.support.hierarchical.SameThreadHierarchicalTestExecutorService.invokeAll(SameThreadHierarchicalTestExecutorService.java:38) ~[junit-platform-engine-1.7.2.jar:1.7.2]
	at org.junit.platform.engine.support.hierarchical.NodeTestTask.lambda$executeRecursively$5(NodeTestTask.java:143) ~[junit-platform-engine-1.7.2.jar:1.7.2]
	at org.junit.platform.engine.support.hierarchical.ThrowableCollector.execute(ThrowableCollector.java:73) ~[junit-platform-engine-1.7.2.jar:1.7.2]
	at org.junit.platform.engine.support.hierarchical.NodeTestTask.lambda$executeRecursively$7(NodeTestTask.java:129) ~[junit-platform-engine-1.7.2.jar:1.7.2]
	at org.junit.platform.engine.support.hierarchical.Node.around(Node.java:137) ~[junit-platform-engine-1.7.2.jar:1.7.2]
	at org.junit.platform.engine.support.hierarchical.NodeTestTask.lambda$executeRecursively$8(NodeTestTask.java:127) ~[junit-platform-engine-1.7.2.jar:1.7.2]
	at org.junit.platform.engine.support.hierarchical.ThrowableCollector.execute(ThrowableCollector.java:73) ~[junit-platform-engine-1.7.2.jar:1.7.2]
	at org.junit.platform.engine.support.hierarchical.NodeTestTask.executeRecursively(NodeTestTask.java:126) ~[junit-platform-engine-1.7.2.jar:1.7.2]
	at org.junit.platform.engine.support.hierarchical.NodeTestTask.execute(NodeTestTask.java:84) ~[junit-platform-engine-1.7.2.jar:1.7.2]
	at org.junit.platform.engine.support.hierarchical.SameThreadHierarchicalTestExecutorService.submit(SameThreadHierarchicalTestExecutorService.java:32) ~[junit-platform-engine-1.7.2.jar:1.7.2]
	at org.junit.platform.engine.support.hierarchical.HierarchicalTestExecutor.execute(HierarchicalTestExecutor.java:57) ~[junit-platform-engine-1.7.2.jar:1.7.2]
	at org.junit.platform.engine.support.hierarchical.HierarchicalTestEngine.execute(HierarchicalTestEngine.java:51) ~[junit-platform-engine-1.7.2.jar:1.7.2]
	at org.junit.platform.launcher.core.DefaultLauncher.execute(DefaultLauncher.java:220) ~[junit-platform-launcher-1.3.2.jar:1.3.2]
	at org.junit.platform.launcher.core.DefaultLauncher.lambda$execute$6(DefaultLauncher.java:188) ~[junit-platform-launcher-1.3.2.jar:1.3.2]
	at org.junit.platform.launcher.core.DefaultLauncher.withInterceptedStreams(DefaultLauncher.java:202) [junit-platform-launcher-1.3.2.jar:1.3.2]
	at org.junit.platform.launcher.core.DefaultLauncher.execute(DefaultLauncher.java:181) [junit-platform-launcher-1.3.2.jar:1.3.2]
	at org.junit.platform.launcher.core.DefaultLauncher.execute(DefaultLauncher.java:128) [junit-platform-launcher-1.3.2.jar:1.3.2]
	at org.apache.maven.surefire.junitplatform.JUnitPlatformProvider.invokeAllTests(JUnitPlatformProvider.java:150) [surefire-junit-platform-3.0.0-M3.jar:3.0.0-M3]
	at org.apache.maven.surefire.junitplatform.JUnitPlatformProvider.invoke(JUnitPlatformProvider.java:124) [surefire-junit-platform-3.0.0-M3.jar:3.0.0-M3]
	at org.apache.maven.surefire.booter.ForkedBooter.invokeProviderInSameClassLoader(ForkedBooter.java:384) [surefire-booter-3.0.0-M3.jar:3.0.0-M3]
	at org.apache.maven.surefire.booter.ForkedBooter.runSuitesInProcess(ForkedBooter.java:345) [surefire-booter-3.0.0-M3.jar:3.0.0-M3]
	at org.apache.maven.surefire.booter.ForkedBooter.execute(ForkedBooter.java:126) [surefire-booter-3.0.0-M3.jar:3.0.0-M3]
	at org.apache.maven.surefire.booter.ForkedBooter.main(ForkedBooter.java:418) [surefire-booter-3.0.0-M3.jar:3.0.0-M3]
2021-11-16 12:35:15.555 [main] INFO  ParkingService - Please type the vehicle registration number and press enter key
2021-11-16 12:35:15.555 [main] INFO  ParkingService - --------------------------------------------------------------------------------------------
2021-11-16 12:35:15.555 [main] INFO  ParkingService - Error, Incoming Vehicule. Please set an other Registration Number.
2021-11-16 12:35:15.555 [main] INFO  ParkingService - This vehicule seems already park in. Thanks
2021-11-16 12:35:15.558 [main] INFO  ParkingService - Please type the vehicle registration number and press enter key
2021-11-16 12:35:16.161 [main] INFO  DataBaseConfig - Create DB connection
2021-11-16 12:35:16.179 [main] INFO  DataBaseConfig - Closing Result Set
2021-11-16 12:35:16.179 [main] INFO  DataBaseConfig - Closing Prepared Statement
2021-11-16 12:35:16.179 [main] INFO  DataBaseConfig - Closing DB connection
2021-11-16 12:35:16.180 [main] INFO  ParkingService - --------------------------------------------------------------------------------------------
2021-11-16 12:35:16.180 [main] INFO  ParkingService - Please pay the parking fare: 1.5€ for: 60 minutes of park.
2021-11-16 12:35:16.180 [main] INFO  ParkingService - Recorded out-time for vehicle number: ABCDEF / Out-time The: 2021-11-16 at 12:35:16.161
2021-11-16 12:35:16.180 [main] INFO  ParkingService - ============================================================================================
2021-11-16 12:35:16.183 [main] INFO  ParkingService - Please select vehicle type from menu
2021-11-16 12:35:16.184 [main] INFO  ParkingService - 1 CAR
2021-11-16 12:35:16.184 [main] INFO  ParkingService - 2 BIKE
2021-11-16 12:35:16.184 [main] INFO  ParkingService - Please type the vehicle registration number and press enter key
2021-11-16 12:35:16.184 [main] INFO  ParkingService - ============================================================================================
2021-11-16 12:35:16.185 [main] INFO  ParkingService - Generated Ticket and saved in DataBase
2021-11-16 12:35:16.185 [main] INFO  ParkingService - Please park your vehicle in spot number: 1
2021-11-16 12:35:16.185 [main] INFO  ParkingService - Recorded in-time for vehicle number: ABCDEF / In-time The: 2021-11-16 at 12:35:16.184
2021-11-16 12:35:16.185 [main] INFO  ParkingService - --------------------------------------------------------------------------------------------
2021-11-16 12:35:16.189 [main] INFO  ParkingService - Please type the vehicle registration number and press enter key
2021-11-16 12:35:16.794 [main] INFO  DataBaseConfig - Create DB connection
2021-11-16 12:35:16.808 [main] INFO  DataBaseConfig - Closing Result Set
2021-11-16 12:35:16.808 [main] INFO  DataBaseConfig - Closing Prepared Statement
2021-11-16 12:35:16.808 [main] INFO  DataBaseConfig - Closing DB connection
2021-11-16 12:35:16.809 [main] INFO  ParkingService - Unable to update ticket information. Error occurred
